<?xml version="1.0" encoding="UTF-8"?>
<testsuite name="com.myproject.testcasemanagement.TestSuiteTest" tests="1" skipped="0" failures="0" errors="0" timestamp="2023-02-20T04:44:23" hostname="LAPTOP-CLGBP6P7" time="0.016">
  <properties/>
  <testcase name="viewAllTestCasesInOrder" classname="com.myproject.testcasemanagement.TestSuiteTest" time="0.016"/>
  <system-out><![CDATA[]]></system-out>
  <system-err><![CDATA[]]></system-err>
</testsuite>
